AndroidProject/Big Project/app/build/outputs/logs/manifest-merger-debug-report.txt
-- Merging decision tree log ---
manifest
ADDED from AndroidManifest.xml:2:1
	package
		ADDED from AndroidManifest.xml:3:5
		INJECTED from AndroidManifest.xml:0:0
		INJECTED from AndroidManifest.xml:0:0
	android:versionName
		ADDED from AndroidManifest.xml:5:5
	android:versionCode
		ADDED from AndroidManifest.xml:4:5
		INJECTED from AndroidManifest.xml:0:0
		INJECTED from AndroidManifest.xml:0:0
	xmlns:android
		ADDED from AndroidManifest.xml:2:11
uses-permission#android.permission.INTERNET
ADDED from AndroidManifest.xml:7:5
	android:name
		ADDED from AndroidManifest.xml:7:22
uses-permission#android.permission.ACCESS_WIFI_STATE
ADDED from AndroidManifest.xml:8:5
	android:name
		ADDED from AndroidManifest.xml:8:22
uses-permission#android.permission.ACCESS_NETWORK_STATE
ADDED from AndroidManifest.xml:9:5
	android:name
		ADDED from AndroidManifest.xml:9:22
uses-permission#android.permission.READ_PHONE_STATE
ADDED from AndroidManifest.xml:10:5
	android:name
		ADDED from AndroidManifest.xml:10:22
uses-permission#android.permission.WRITE_EXTERNAL_STORAGE
ADDED from AndroidManifest.xml:11:5
	android:name
		ADDED from AndroidManifest.xml:11:22
uses-permission#android.permission.READ_LOGS
ADDED from AndroidManifest.xml:12:5
	android:name
		ADDED from AndroidManifest.xml:12:22
android:uses-permission#android.permission.READ_EXTERNAL_STORAGE
ADDED from AndroidManifest.xml:14:5
	android:maxSdkVersion
		ADDED from AndroidManifest.xml:16:9
	android:name
		ADDED from AndroidManifest.xml:15:9
application
ADDED from AndroidManifest.xml:18:5
MERGED from com.android.support:appcompat-v7:24.0.0:25:5
MERGED from com.android.support:support-v4:24.0.0:25:5
MERGED from com.android.support:support-vector-drawable:24.0.0:23:5
MERGED from com.android.support:support-v4:24.0.0:25:5
MERGED from com.android.support:animated-vector-drawable:24.0.0:22:5
MERGED from com.android.support:support-vector-drawable:24.0.0:23:5
MERGED from com.android.support:support-v4:24.0.0:25:5
MERGED from com.ashokvarma.android:bottom-navigation-bar:1.2.0:11:5
MERGED from com.android.support:design:24.0.0:22:5
MERGED from com.android.support:support-v4:24.0.0:25:5
MERGED from com.android.support:support-v4:24.0.0:25:5
MERGED from com.android.support:appcompat-v7:24.0.0:25:5
MERGED from com.android.support:support-v4:24.0.0:25:5
MERGED from com.android.support:support-vector-drawable:24.0.0:23:5
MERGED from com.android.support:support-v4:24.0.0:25:5
MERGED from com.android.support:animated-vector-drawable:24.0.0:22:5
MERGED from com.android.support:support-vector-drawable:24.0.0:23:5
MERGED from com.android.support:support-v4:24.0.0:25:5
MERGED from com.android.support:appcompat-v7:24.0.0:25:5
MERGED from com.android.support:support-v4:24.0.0:25:5
MERGED from com.android.support:support-vector-drawable:24.0.0:23:5
MERGED from com.android.support:support-v4:24.0.0:25:5
MERGED from com.android.support:animated-vector-drawable:24.0.0:22:5
MERGED from com.android.support:support-vector-drawable:24.0.0:23:5
MERGED from com.android.support:support-v4:24.0.0:25:5
MERGED from com.android.support:design:24.0.0:22:5
MERGED from com.android.support:support-v4:24.0.0:25:5
MERGED from com.android.support:support-v4:24.0.0:25:5
MERGED from com.android.support:appcompat-v7:24.0.0:25:5
MERGED from com.android.support:support-v4:24.0.0:25:5
MERGED from com.android.support:support-vector-drawable:24.0.0:23:5
MERGED from com.android.support:support-v4:24.0.0:25:5
MERGED from com.android.support:animated-vector-drawable:24.0.0:22:5
MERGED from com.android.support:support-vector-drawable:24.0.0:23:5
MERGED from com.android.support:support-v4:24.0.0:25:5
	android:label
		ADDED from AndroidManifest.xml:21:9
	android:supportsRtl
		ADDED from com.ashokvarma.android:bottom-navigation-bar:1.2.0:13:9
	android:allowBackup
		ADDED from AndroidManifest.xml:19:9
	android:icon
		ADDED from AndroidManifest.xml:20:9
	android:theme
		ADDED from AndroidManifest.xml:22:9
activity#com.bmob.lostfound.SplashActivity
ADDED from AndroidManifest.xml:23:9
	android:screenOrientation
		ADDED from AndroidManifest.xml:26:13
	android:label
		ADDED from AndroidManifest.xml:25:13
	android:name
		ADDED from AndroidManifest.xml:24:13
intent-filter#android.intent.action.MAIN+android.intent.category.LAUNCHER
ADDED from AndroidManifest.xml:27:13
action#android.intent.action.MAIN
ADDED from AndroidManifest.xml:28:17
	android:name
		ADDED from AndroidManifest.xml:28:25
category#android.intent.category.LAUNCHER
ADDED from AndroidManifest.xml:30:17
	android:name
		ADDED from AndroidManifest.xml:30:27
activity#com.bmob.lostfound.LostFoundActivity
ADDED from AndroidManifest.xml:33:9
	android:screenOrientation
		ADDED from AndroidManifest.xml:36:13
	android:label
		ADDED from AndroidManifest.xml:35:13
	android:windowSoftInputMode
		ADDED from AndroidManifest.xml:37:13
	android:name
		ADDED from AndroidManifest.xml:34:13
activity#com.bmob.lostfound.AddLostFoundActivity
ADDED from AndroidManifest.xml:39:9
	android:screenOrientation
		ADDED from AndroidManifest.xml:42:13
	android:label
		ADDED from AndroidManifest.xml:41:13
	android:name
		ADDED from AndroidManifest.xml:40:13
activity#com.bmob.lostfound.loginRegistActivity.LoginActivity
ADDED from AndroidManifest.xml:44:9
	android:label
		ADDED from AndroidManifest.xml:46:13
	android:name
		ADDED from AndroidManifest.xml:45:13
activity#com.bmob.lostfound.loginRegistActivity.RegistDialog
ADDED from AndroidManifest.xml:48:9
	android:label
		ADDED from AndroidManifest.xml:50:13
	android:theme
		ADDED from AndroidManifest.xml:51:13
	android:name
		ADDED from AndroidManifest.xml:49:13
activity#com.bmob.lostfound.mainactivity.MainActivity
ADDED from AndroidManifest.xml:53:9
	android:label
		ADDED from AndroidManifest.xml:55:13
	android:name
		ADDED from AndroidManifest.xml:54:13
activity#com.bmob.lostfound.AddQAActivity
ADDED from AndroidManifest.xml:57:9
	android:label
		ADDED from AndroidManifest.xml:59:13
	android:name
		ADDED from AndroidManifest.xml:58:13
activity#com.bmob.lostfound.QuestionItemActivity
ADDED from AndroidManifest.xml:61:9
	android:label
		ADDED from AndroidManifest.xml:63:13
	android:name
		ADDED from AndroidManifest.xml:62:13
activity#com.bmob.lostfound.AddAnswerActivity
ADDED from AndroidManifest.xml:65:9
	android:label
		ADDED from AndroidManifest.xml:67:13
	android:name
		ADDED from AndroidManifest.xml:66:13
activity#com.bmob.lostfound.AddShareActivity
ADDED from AndroidManifest.xml:69:9
	android:label
		ADDED from AndroidManifest.xml:71:13
	android:name
		ADDED from AndroidManifest.xml:70:13
activity#com.bmob.lostfound.personal.MyLostFoundActivity
ADDED from AndroidManifest.xml:73:9
	android:label
		ADDED from AndroidManifest.xml:75:13
	android:name
		ADDED from AndroidManifest.xml:74:13
uses-sdk
INJECTED from AndroidManifest.xml:0:0 reason: use-sdk injection requested
MERGED from com.android.support:appcompat-v7:24.0.0:21:5
MERGED from com.android.support:support-v4:24.0.0:21:5
MERGED from com.android.support:support-vector-drawable:24.0.0:21:5
MERGED from com.android.support:support-v4:24.0.0:21:5
MERGED from com.android.support:animated-vector-drawable:24.0.0:20:5
MERGED from com.android.support:support-vector-drawable:24.0.0:21:5
MERGED from com.android.support:support-v4:24.0.0:21:5
MERGED from com.ashokvarma.android:bottom-navigation-bar:1.2.0:7:5
MERGED from com.android.support:design:24.0.0:20:5
MERGED from com.android.support:support-v4:24.0.0:21:5
MERGED from com.android.support:recyclerview-v7:24.0.0:20:5
MERGED from com.android.support:support-v4:24.0.0:21:5
MERGED from com.android.support:appcompat-v7:24.0.0:21:5
MERGED from com.android.support:support-v4:24.0.0:21:5
MERGED from com.android.support:support-vector-drawable:24.0.0:21:5
MERGED from com.android.support:support-v4:24.0.0:21:5
MERGED from com.android.support:animated-vector-drawable:24.0.0:20:5
MERGED from com.android.support:support-vector-drawable:24.0.0:21:5
MERGED from com.android.support:support-v4:24.0.0:21:5
MERGED from com.android.support:appcompat-v7:24.0.0:21:5
MERGED from com.android.support:support-v4:24.0.0:21:5
MERGED from com.android.support:support-vector-drawable:24.0.0:21:5
MERGED from com.android.support:support-v4:24.0.0:21:5
MERGED from com.android.support:animated-vector-drawable:24.0.0:20:5
MERGED from com.android.support:support-vector-drawable:24.0.0:21:5
MERGED from com.android.support:support-v4:24.0.0:21:5
MERGED from com.android.support:design:24.0.0:20:5
MERGED from com.android.support:support-v4:24.0.0:21:5
MERGED from com.android.support:recyclerview-v7:24.0.0:20:5
MERGED from com.android.support:support-v4:24.0.0:21:5
MERGED from com.android.support:appcompat-v7:24.0.0:21:5
MERGED from com.android.support:support-v4:24.0.0:21:5
MERGED from com.android.support:support-vector-drawable:24.0.0:21:5
MERGED from com.android.support:support-v4:24.0.0:21:5
MERGED from com.android.support:animated-vector-drawable:24.0.0:20:5
MERGED from com.android.support:support-vector-drawable:24.0.0:21:5
MERGED from com.android.support:support-v4:24.0.0:21:5
	tools:overrideLibrary
		ADDED from com.android.support:appcompat-v7:24.0.0:23:9
	android:targetSdkVersion
		INJECTED from AndroidManifest.xml:0:0
		INJECTED from AndroidManifest.xml:0:0
	android:minSdkVersion
		INJECTED from AndroidManifest.xml:0:0
		INJECTED from AndroidManifest.xml:0:0